{"L:\\backupData\\backup1\\F\\Florian\\Documents\\dev_projets\\Angular\\angular-animes\\frontend\\src\\main.ts": {"path":"L:\\backupData\\backup1\\F\\Florian\\Documents\\dev_projets\\Angular\\angular-animes\\frontend\\src\\main.ts","statementMap":{"0":{"start":{"line":1,"column":0},"end":{"line":1,"column":47}},"1":{"start":{"line":2,"column":0},"end":{"line":2,"column":75}},"2":{"start":{"line":4,"column":0},"end":{"line":4,"column":45}},"3":{"start":{"line":5,"column":0},"end":{"line":5,"column":57}},"4":{"start":{"line":7,"column":0},"end":{"line":9,"column":null}},"5":{"start":{"line":8,"column":2},"end":{"line":8,"column":19}},"6":{"start":{"line":11,"column":0},"end":{"line":12,"column":36}},"7":{"start":{"line":12,"column":16},"end":{"line":12,"column":35}}},"fnMap":{"0":{"name":"(anonymous_0)","decl":{"start":{"line":12,"column":9},"end":{"line":12,"column":12}},"loc":{"start":{"line":12,"column":12},"end":{"line":12,"column":23}}}},"branchMap":{"0":{"loc":{"start":{"line":7,"column":0},"end":{"line":9,"column":null}},"type":"if","locations":[{"start":{"line":7,"column":0},"end":{"line":9,"column":null}},{"start":{"line":7,"column":0},"end":{"line":9,"column":null}}]}},"s":{"0":0,"1":0,"2":0,"3":0,"4":0,"5":0,"6":0,"7":0},"f":{"0":0},"b":{"0":[0,0]}}
,"L:\\backupData\\backup1\\F\\Florian\\Documents\\dev_projets\\Angular\\angular-animes\\frontend\\src\\polyfills.ts": {"path":"L:\\backupData\\backup1\\F\\Florian\\Documents\\dev_projets\\Angular\\angular-animes\\frontend\\src\\polyfills.ts","statementMap":{"0":{"start":{"line":80,"column":0},"end":{"line":80,"column":27}}},"fnMap":{},"branchMap":{},"s":{"0":0},"f":{},"b":{}}
,"L:\\backupData\\backup1\\F\\Florian\\Documents\\dev_projets\\Angular\\angular-animes\\frontend\\src\\app\\app.component.ts": {"path":"L:\\backupData\\backup1\\F\\Florian\\Documents\\dev_projets\\Angular\\angular-animes\\frontend\\src\\app\\app.component.ts","statementMap":{"0":{"start":{"line":1,"column":0},"end":{"line":1,"column":42}},"1":{"start":{"line":8,"column":0},"end":{"line":8,"column":13}},"2":{"start":{"line":9,"column":2},"end":{"line":9,"column":27}},"3":{"start":{"line":8,"column":13},"end":{"line":10,"column":null}},"4":{"start":{"line":10,"column":0},"end":{"line":10,"column":null}},"5":{"start":{"line":8,"column":13},"end":{"line":8,"column":25}}},"fnMap":{"0":{"name":"(anonymous_0)","decl":{"start":{"line":8,"column":0},"end":{"line":8,"column":13}},"loc":{"start":{"line":8,"column":0},"end":{"line":8,"column":13}}},"1":{"name":"AppComponent","decl":{"start":{"line":3,"column":0},"end":{"line":3,"column":1}},"loc":{"start":{"line":3,"column":0},"end":{"line":10,"column":null}}}},"branchMap":{},"s":{"0":1,"1":1,"2":0,"3":1,"4":1,"5":1},"f":{"0":1,"1":0},"b":{}}
,"L:\\backupData\\backup1\\F\\Florian\\Documents\\dev_projets\\Angular\\angular-animes\\frontend\\src\\app\\app.routes.ts": {"path":"L:\\backupData\\backup1\\F\\Florian\\Documents\\dev_projets\\Angular\\angular-animes\\frontend\\src\\app\\app.routes.ts","statementMap":{"0":{"start":{"line":1,"column":0},"end":{"line":1,"column":55}},"1":{"start":{"line":2,"column":0},"end":{"line":2,"column":54}},"2":{"start":{"line":3,"column":0},"end":{"line":3,"column":67}},"3":{"start":{"line":6,"column":13},"end":{"line":10,"column":2}}},"fnMap":{},"branchMap":{},"s":{"0":0,"1":0,"2":0,"3":0},"f":{},"b":{}}
,"L:\\backupData\\backup1\\F\\Florian\\Documents\\dev_projets\\Angular\\angular-animes\\frontend\\src\\app\\animes\\animes.routes.ts": {"path":"L:\\backupData\\backup1\\F\\Florian\\Documents\\dev_projets\\Angular\\angular-animes\\frontend\\src\\app\\animes\\animes.routes.ts","statementMap":{"0":{"start":{"line":2,"column":0},"end":{"line":2,"column":74}},"1":{"start":{"line":3,"column":0},"end":{"line":3,"column":80}},"2":{"start":{"line":6,"column":0},"end":{"line":6,"column":72}},"3":{"start":{"line":8,"column":13},"end":{"line":25,"column":2}}},"fnMap":{},"branchMap":{},"s":{"0":0,"1":0,"2":0,"3":0},"f":{},"b":{}}
,"L:\\backupData\\backup1\\F\\Florian\\Documents\\dev_projets\\Angular\\angular-animes\\frontend\\src\\app\\animes\\animes-detail\\animes-detail.component.ts": {"path":"L:\\backupData\\backup1\\F\\Florian\\Documents\\dev_projets\\Angular\\angular-animes\\frontend\\src\\app\\animes\\animes-detail\\animes-detail.component.ts","statementMap":{"0":{"start":{"line":1,"column":0},"end":{"line":1,"column":61}},"1":{"start":{"line":2,"column":0},"end":{"line":2,"column":64}},"2":{"start":{"line":3,"column":0},"end":{"line":3,"column":49}},"3":{"start":{"line":4,"column":0},"end":{"line":4,"column":44}},"4":{"start":{"line":6,"column":0},"end":{"line":6,"column":57}},"5":{"start":{"line":13,"column":0},"end":{"line":13,"column":13}},"6":{"start":{"line":20,"column":2},"end":{"line":20,"column":22}},"7":{"start":{"line":20,"column":22},"end":{"line":20,"column":29}},"8":{"start":{"line":20,"column":53},"end":{"line":20,"column":68}},"9":{"start":{"line":20,"column":91},"end":{"line":20,"column":101}},"10":{"start":{"line":14,"column":2},"end":{"line":14,"column":27}},"11":{"start":{"line":31,"column":2},"end":{"line":47,"column":null}},"12":{"start":{"line":32,"column":4},"end":{"line":45,"column":7}},"13":{"start":{"line":33,"column":6},"end":{"line":33,"column":24}},"14":{"start":{"line":35,"column":6},"end":{"line":35,"column":75}},"15":{"start":{"line":36,"column":6},"end":{"line":36,"column":80}},"16":{"start":{"line":37,"column":6},"end":{"line":44,"column":null}},"17":{"start":{"line":38,"column":8},"end":{"line":38,"column":96}},"18":{"start":{"line":39,"column":13},"end":{"line":44,"column":null}},"19":{"start":{"line":40,"column":8},"end":{"line":40,"column":97}},"20":{"start":{"line":42,"column":8},"end":{"line":43,"column":134}},"21":{"start":{"line":22,"column":2},"end":{"line":24,"column":null}},"22":{"start":{"line":23,"column":4},"end":{"line":23,"column":64}},"23":{"start":{"line":26,"column":2},"end":{"line":29,"column":null}},"24":{"start":{"line":27,"column":4},"end":{"line":27,"column":38}},"25":{"start":{"line":28,"column":4},"end":{"line":28,"column":36}},"26":{"start":{"line":13,"column":13},"end":{"line":49,"column":null}},"27":{"start":{"line":49,"column":0},"end":{"line":49,"column":null}},"28":{"start":{"line":13,"column":13},"end":{"line":13,"column":34}}},"fnMap":{"0":{"name":"(anonymous_0)","decl":{"start":{"line":13,"column":0},"end":{"line":13,"column":13}},"loc":{"start":{"line":13,"column":0},"end":{"line":13,"column":13}}},"1":{"name":"AnimesDetailComponent","decl":{"start":{"line":20,"column":2},"end":{"line":20,"column":22}},"loc":{"start":{"line":20,"column":113},"end":{"line":20,"column":118}}},"2":{"name":"(anonymous_2)","decl":{"start":{"line":31,"column":23},"end":{"line":31,"column":24}},"loc":{"start":{"line":31,"column":28},"end":{"line":47,"column":3}}},"3":{"name":"(anonymous_3)","decl":{"start":{"line":32,"column":75},"end":{"line":32,"column":79}},"loc":{"start":{"line":32,"column":79},"end":{"line":45,"column":5}}},"4":{"name":"(anonymous_4)","decl":{"start":{"line":22,"column":2},"end":{"line":22,"column":10}},"loc":{"start":{"line":22,"column":2},"end":{"line":24,"column":3}}},"5":{"name":"(anonymous_5)","decl":{"start":{"line":26,"column":2},"end":{"line":26,"column":13}},"loc":{"start":{"line":26,"column":2},"end":{"line":29,"column":3}}}},"branchMap":{"0":{"loc":{"start":{"line":37,"column":6},"end":{"line":44,"column":null}},"type":"if","locations":[{"start":{"line":37,"column":6},"end":{"line":44,"column":null}},{"start":{"line":37,"column":6},"end":{"line":44,"column":null}}]},"1":{"loc":{"start":{"line":39,"column":13},"end":{"line":44,"column":null}},"type":"if","locations":[{"start":{"line":39,"column":13},"end":{"line":44,"column":null}},{"start":{"line":39,"column":13},"end":{"line":44,"column":null}}]}},"s":{"0":1,"1":1,"2":1,"3":1,"4":1,"5":1,"6":0,"7":0,"8":0,"9":0,"10":0,"11":0,"12":0,"13":0,"14":0,"15":0,"16":0,"17":0,"18":0,"19":0,"20":0,"21":1,"22":0,"23":1,"24":0,"25":0,"26":1,"27":1,"28":1},"f":{"0":1,"1":0,"2":0,"3":0,"4":0,"5":0},"b":{"0":[0,0],"1":[0,0]}}
,"L:\\backupData\\backup1\\F\\Florian\\Documents\\dev_projets\\Angular\\angular-animes\\frontend\\src\\app\\animes\\animes-edit\\animes-edit.component.ts": {"path":"L:\\backupData\\backup1\\F\\Florian\\Documents\\dev_projets\\Angular\\angular-animes\\frontend\\src\\app\\animes\\animes-edit\\animes-edit.component.ts","statementMap":{"0":{"start":{"line":1,"column":0},"end":{"line":1,"column":50}},"1":{"start":{"line":2,"column":0},"end":{"line":2,"column":47}},"2":{"start":{"line":3,"column":0},"end":{"line":3,"column":60}},"3":{"start":{"line":4,"column":0},"end":{"line":4,"column":55}},"4":{"start":{"line":5,"column":0},"end":{"line":5,"column":66}},"5":{"start":{"line":7,"column":0},"end":{"line":7,"column":40}},"6":{"start":{"line":14,"column":0},"end":{"line":14,"column":13}},"7":{"start":{"line":19,"column":2},"end":{"line":19,"column":22}},"8":{"start":{"line":19,"column":22},"end":{"line":19,"column":29}},"9":{"start":{"line":20,"column":22},"end":{"line":20,"column":37}},"10":{"start":{"line":21,"column":22},"end":{"line":21,"column":32}},"11":{"start":{"line":22,"column":22},"end":{"line":22,"column":35}},"12":{"start":{"line":16,"column":2},"end":{"line":16,"column":27}},"13":{"start":{"line":29,"column":2},"end":{"line":52,"column":null}},"14":{"start":{"line":30,"column":4},"end":{"line":51,"column":7}},"15":{"start":{"line":54,"column":2},"end":{"line":60,"column":null}},"16":{"start":{"line":55,"column":4},"end":{"line":58,"column":7}},"17":{"start":{"line":56,"column":6},"end":{"line":56,"column":24}},"18":{"start":{"line":57,"column":6},"end":{"line":57,"column":36}},"19":{"start":{"line":62,"column":2},"end":{"line":67,"column":null}},"20":{"start":{"line":62,"column":28},"end":{"line":67,"column":null}},"21":{"start":{"line":63,"column":4},"end":{"line":63,"column":52}},"22":{"start":{"line":66,"column":4},"end":{"line":66,"column":48}},"23":{"start":{"line":24,"column":2},"end":{"line":27,"column":null}},"24":{"start":{"line":25,"column":4},"end":{"line":25,"column":64}},"25":{"start":{"line":26,"column":4},"end":{"line":26,"column":22}},"26":{"start":{"line":14,"column":13},"end":{"line":68,"column":null}},"27":{"start":{"line":68,"column":0},"end":{"line":68,"column":null}},"28":{"start":{"line":14,"column":13},"end":{"line":14,"column":32}}},"fnMap":{"0":{"name":"(anonymous_0)","decl":{"start":{"line":14,"column":0},"end":{"line":14,"column":13}},"loc":{"start":{"line":14,"column":0},"end":{"line":14,"column":13}}},"1":{"name":"AnimesEditComponent","decl":{"start":{"line":19,"column":2},"end":{"line":19,"column":22}},"loc":{"start":{"line":22,"column":46},"end":{"line":22,"column":51}}},"2":{"name":"(anonymous_2)","decl":{"start":{"line":29,"column":15},"end":{"line":29,"column":null}},"loc":{"start":{"line":29,"column":15},"end":{"line":52,"column":3}}},"3":{"name":"(anonymous_3)","decl":{"start":{"line":54,"column":23},"end":{"line":54,"column":24}},"loc":{"start":{"line":54,"column":28},"end":{"line":60,"column":3}}},"4":{"name":"(anonymous_4)","decl":{"start":{"line":55,"column":75},"end":{"line":55,"column":79}},"loc":{"start":{"line":55,"column":79},"end":{"line":58,"column":5}}},"5":{"name":"(anonymous_5)","decl":{"start":{"line":62,"column":16},"end":{"line":62,"column":23}},"loc":{"start":{"line":62,"column":28},"end":{"line":67,"column":null}}},"6":{"name":"(anonymous_6)","decl":{"start":{"line":62,"column":28},"end":{"line":62,"column":null}},"loc":{"start":{"line":62,"column":28},"end":{"line":67,"column":null}}},"7":{"name":"(anonymous_8)","decl":{"start":{"line":24,"column":2},"end":{"line":24,"column":10}},"loc":{"start":{"line":24,"column":2},"end":{"line":27,"column":3}}}},"branchMap":{},"s":{"0":1,"1":1,"2":1,"3":1,"4":1,"5":1,"6":1,"7":0,"8":0,"9":0,"10":0,"11":0,"12":0,"13":0,"14":0,"15":0,"16":0,"17":0,"18":0,"19":0,"20":0,"21":0,"22":0,"23":1,"24":0,"25":0,"26":1,"27":1,"28":1},"f":{"0":1,"1":0,"2":0,"3":0,"4":0,"5":0,"6":0,"7":0},"b":{}}
,"L:\\backupData\\backup1\\F\\Florian\\Documents\\dev_projets\\Angular\\angular-animes\\frontend\\src\\app\\animes\\animes-list\\animes-list.component.ts": {"path":"L:\\backupData\\backup1\\F\\Florian\\Documents\\dev_projets\\Angular\\angular-animes\\frontend\\src\\app\\animes\\animes-list\\animes-list.component.ts","statementMap":{"0":{"start":{"line":1,"column":0},"end":{"line":1,"column":61}},"1":{"start":{"line":2,"column":0},"end":{"line":2,"column":64}},"2":{"start":{"line":4,"column":0},"end":{"line":4,"column":49}},"3":{"start":{"line":5,"column":0},"end":{"line":5,"column":46}},"4":{"start":{"line":14,"column":0},"end":{"line":14,"column":13}},"5":{"start":{"line":24,"column":2},"end":{"line":24,"column":22}},"6":{"start":{"line":24,"column":22},"end":{"line":24,"column":29}},"7":{"start":{"line":25,"column":22},"end":{"line":25,"column":37}},"8":{"start":{"line":26,"column":22},"end":{"line":26,"column":31}},"9":{"start":{"line":17,"column":2},"end":{"line":17,"column":19}},"10":{"start":{"line":19,"column":2},"end":{"line":19,"column":19}},"11":{"start":{"line":20,"column":2},"end":{"line":20,"column":12}},"12":{"start":{"line":21,"column":2},"end":{"line":21,"column":15}},"13":{"start":{"line":42,"column":2},"end":{"line":49,"column":null}},"14":{"start":{"line":43,"column":4},"end":{"line":48,"column":7}},"15":{"start":{"line":45,"column":6},"end":{"line":45,"column":46}},"16":{"start":{"line":46,"column":6},"end":{"line":46,"column":26}},"17":{"start":{"line":47,"column":6},"end":{"line":47,"column":23}},"18":{"start":{"line":56,"column":2},"end":{"line":60,"column":null}},"19":{"start":{"line":57,"column":4},"end":{"line":57,"column":28}},"20":{"start":{"line":58,"column":4},"end":{"line":58,"column":24}},"21":{"start":{"line":59,"column":4},"end":{"line":59,"column":25}},"22":{"start":{"line":29,"column":2},"end":{"line":40,"column":null}},"23":{"start":{"line":29,"column":2},"end":{"line":29,"column":10}},"24":{"start":{"line":30,"column":4},"end":{"line":39,"column":null}},"25":{"start":{"line":31,"column":6},"end":{"line":34,"column":9}},"26":{"start":{"line":32,"column":8},"end":{"line":32,"column":53}},"27":{"start":{"line":33,"column":8},"end":{"line":33,"column":27}},"28":{"start":{"line":35,"column":6},"end":{"line":35,"column":26}},"29":{"start":{"line":37,"column":6},"end":{"line":37,"column":26}},"30":{"start":{"line":38,"column":6},"end":{"line":38,"column":27}},"31":{"start":{"line":51,"column":2},"end":{"line":54,"column":null}},"32":{"start":{"line":52,"column":4},"end":{"line":52,"column":43}},"33":{"start":{"line":53,"column":4},"end":{"line":53,"column":36}},"34":{"start":{"line":14,"column":13},"end":{"line":62,"column":null}},"35":{"start":{"line":62,"column":0},"end":{"line":62,"column":null}},"36":{"start":{"line":14,"column":13},"end":{"line":14,"column":32}}},"fnMap":{"0":{"name":"(anonymous_0)","decl":{"start":{"line":14,"column":0},"end":{"line":14,"column":13}},"loc":{"start":{"line":14,"column":0},"end":{"line":14,"column":13}}},"1":{"name":"AnimesListComponent","decl":{"start":{"line":24,"column":2},"end":{"line":24,"column":22}},"loc":{"start":{"line":26,"column":48},"end":{"line":27,"column":7}}},"2":{"name":"(anonymous_2)","decl":{"start":{"line":42,"column":18},"end":{"line":42,"column":null}},"loc":{"start":{"line":42,"column":18},"end":{"line":49,"column":3}}},"3":{"name":"(anonymous_3)","decl":{"start":{"line":43,"column":94},"end":{"line":43,"column":98}},"loc":{"start":{"line":43,"column":98},"end":{"line":48,"column":5}}},"4":{"name":"(anonymous_4)","decl":{"start":{"line":56,"column":13},"end":{"line":56,"column":null}},"loc":{"start":{"line":56,"column":13},"end":{"line":60,"column":3}}},"5":{"name":"(anonymous_5)","decl":{"start":{"line":29,"column":2},"end":{"line":29,"column":10}},"loc":{"start":{"line":29,"column":2},"end":{"line":40,"column":3}}},"6":{"name":"(anonymous_6)","decl":{"start":{"line":31,"column":86},"end":{"line":31,"column":90}},"loc":{"start":{"line":31,"column":90},"end":{"line":34,"column":7}}},"7":{"name":"(anonymous_7)","decl":{"start":{"line":51,"column":2},"end":{"line":51,"column":13}},"loc":{"start":{"line":51,"column":2},"end":{"line":54,"column":3}}}},"branchMap":{"0":{"loc":{"start":{"line":30,"column":4},"end":{"line":39,"column":null}},"type":"if","locations":[{"start":{"line":30,"column":4},"end":{"line":39,"column":null}},{"start":{"line":30,"column":4},"end":{"line":39,"column":null}}]}},"s":{"0":1,"1":1,"2":1,"3":1,"4":1,"5":0,"6":0,"7":0,"8":0,"9":0,"10":0,"11":0,"12":0,"13":0,"14":0,"15":0,"16":0,"17":0,"18":0,"19":0,"20":0,"21":0,"22":1,"23":0,"24":0,"25":0,"26":0,"27":0,"28":0,"29":0,"30":0,"31":1,"32":0,"33":0,"34":1,"35":1,"36":1},"f":{"0":1,"1":0,"2":0,"3":0,"4":0,"5":0,"6":0,"7":0},"b":{"0":[0,0]}}
,"L:\\backupData\\backup1\\F\\Florian\\Documents\\dev_projets\\Angular\\angular-animes\\frontend\\src\\app\\animes\\animes-search\\animes-search.component.ts": {"path":"L:\\backupData\\backup1\\F\\Florian\\Documents\\dev_projets\\Angular\\angular-animes\\frontend\\src\\app\\animes\\animes-search\\animes-search.component.ts","statementMap":{"0":{"start":{"line":1,"column":0},"end":{"line":1,"column":50}},"1":{"start":{"line":2,"column":0},"end":{"line":2,"column":61}},"2":{"start":{"line":3,"column":0},"end":{"line":3,"column":64}},"3":{"start":{"line":12,"column":0},"end":{"line":12,"column":13}},"4":{"start":{"line":18,"column":2},"end":{"line":18,"column":22}},"5":{"start":{"line":18,"column":22},"end":{"line":18,"column":37}},"6":{"start":{"line":14,"column":2},"end":{"line":14,"column":22}},"7":{"start":{"line":15,"column":2},"end":{"line":15,"column":19}},"8":{"start":{"line":16,"column":2},"end":{"line":16,"column":23}},"9":{"start":{"line":24,"column":2},"end":{"line":34,"column":null}},"10":{"start":{"line":25,"column":4},"end":{"line":33,"column":null}},"11":{"start":{"line":26,"column":6},"end":{"line":26,"column":40}},"12":{"start":{"line":27,"column":6},"end":{"line":32,"column":9}},"13":{"start":{"line":28,"column":8},"end":{"line":28,"column":53}},"14":{"start":{"line":29,"column":8},"end":{"line":29,"column":27}},"15":{"start":{"line":30,"column":8},"end":{"line":30,"column":29}},"16":{"start":{"line":31,"column":8},"end":{"line":31,"column":47}},"17":{"start":{"line":36,"column":2},"end":{"line":39,"column":null}},"18":{"start":{"line":37,"column":4},"end":{"line":37,"column":41}},"19":{"start":{"line":38,"column":4},"end":{"line":38,"column":30}},"20":{"start":{"line":20,"column":2},"end":{"line":22,"column":null}},"21":{"start":{"line":12,"column":13},"end":{"line":40,"column":null}},"22":{"start":{"line":40,"column":0},"end":{"line":40,"column":null}},"23":{"start":{"line":12,"column":13},"end":{"line":12,"column":34}}},"fnMap":{"0":{"name":"(anonymous_0)","decl":{"start":{"line":12,"column":0},"end":{"line":12,"column":13}},"loc":{"start":{"line":12,"column":0},"end":{"line":12,"column":13}}},"1":{"name":"AnimesSearchComponent","decl":{"start":{"line":18,"column":2},"end":{"line":18,"column":22}},"loc":{"start":{"line":18,"column":50},"end":{"line":18,"column":55}}},"2":{"name":"(anonymous_2)","decl":{"start":{"line":24,"column":23},"end":{"line":24,"column":24}},"loc":{"start":{"line":24,"column":33},"end":{"line":34,"column":3}}},"3":{"name":"(anonymous_3)","decl":{"start":{"line":27,"column":53},"end":{"line":27,"column":57}},"loc":{"start":{"line":27,"column":57},"end":{"line":32,"column":7}}},"4":{"name":"(anonymous_4)","decl":{"start":{"line":36,"column":17},"end":{"line":36,"column":18}},"loc":{"start":{"line":36,"column":23},"end":{"line":39,"column":3}}},"5":{"name":"(anonymous_5)","decl":{"start":{"line":20,"column":2},"end":{"line":20,"column":10}},"loc":{"start":{"line":20,"column":2},"end":{"line":22,"column":3}}}},"branchMap":{"0":{"loc":{"start":{"line":25,"column":4},"end":{"line":33,"column":null}},"type":"if","locations":[{"start":{"line":25,"column":4},"end":{"line":33,"column":null}},{"start":{"line":25,"column":4},"end":{"line":33,"column":null}}]}},"s":{"0":1,"1":1,"2":1,"3":1,"4":0,"5":0,"6":0,"7":0,"8":0,"9":0,"10":0,"11":0,"12":0,"13":0,"14":0,"15":0,"16":0,"17":0,"18":0,"19":0,"20":1,"21":1,"22":1,"23":1},"f":{"0":1,"1":0,"2":0,"3":0,"4":0,"5":0},"b":{"0":[0,0]}}
,"L:\\backupData\\backup1\\F\\Florian\\Documents\\dev_projets\\Angular\\angular-animes\\frontend\\src\\app\\dashboard\\dashboard.component.ts": {"path":"L:\\backupData\\backup1\\F\\Florian\\Documents\\dev_projets\\Angular\\angular-animes\\frontend\\src\\app\\dashboard\\dashboard.component.ts","statementMap":{"0":{"start":{"line":1,"column":0},"end":{"line":1,"column":59}},"1":{"start":{"line":2,"column":0},"end":{"line":2,"column":33}},"2":{"start":{"line":3,"column":0},"end":{"line":3,"column":57}},"3":{"start":{"line":5,"column":0},"end":{"line":5,"column":46}},"4":{"start":{"line":6,"column":0},"end":{"line":6,"column":32}},"5":{"start":{"line":7,"column":0},"end":{"line":7,"column":63}},"6":{"start":{"line":14,"column":0},"end":{"line":14,"column":13}},"7":{"start":{"line":32,"column":2},"end":{"line":32,"column":22}},"8":{"start":{"line":32,"column":22},"end":{"line":32,"column":36}},"9":{"start":{"line":33,"column":22},"end":{"line":33,"column":31}},"10":{"start":{"line":34,"column":22},"end":{"line":34,"column":35}},"11":{"start":{"line":17,"column":2},"end":{"line":17,"column":19}},"12":{"start":{"line":18,"column":2},"end":{"line":18,"column":19}},"13":{"start":{"line":19,"column":2},"end":{"line":19,"column":23}},"14":{"start":{"line":20,"column":2},"end":{"line":20,"column":24}},"15":{"start":{"line":21,"column":2},"end":{"line":21,"column":13}},"16":{"start":{"line":22,"column":2},"end":{"line":22,"column":17}},"17":{"start":{"line":23,"column":2},"end":{"line":23,"column":17}},"18":{"start":{"line":24,"column":2},"end":{"line":24,"column":15}},"19":{"start":{"line":25,"column":2},"end":{"line":25,"column":22}},"20":{"start":{"line":42,"column":2},"end":{"line":173,"column":null}},"21":{"start":{"line":43,"column":4},"end":{"line":172,"column":7}},"22":{"start":{"line":45,"column":5},"end":{"line":45,"column":46}},"23":{"start":{"line":46,"column":5},"end":{"line":65,"column":8}},"24":{"start":{"line":48,"column":7},"end":{"line":55,"column":11}},"25":{"start":{"line":49,"column":9},"end":{"line":54,"column":null}},"26":{"start":{"line":50,"column":11},"end":{"line":50,"column":50}},"27":{"start":{"line":51,"column":11},"end":{"line":51,"column":50}},"28":{"start":{"line":53,"column":11},"end":{"line":53,"column":48}},"29":{"start":{"line":57,"column":7},"end":{"line":64,"column":10}},"30":{"start":{"line":58,"column":9},"end":{"line":63,"column":null}},"31":{"start":{"line":59,"column":11},"end":{"line":59,"column":48}},"32":{"start":{"line":60,"column":11},"end":{"line":60,"column":47}},"33":{"start":{"line":62,"column":11},"end":{"line":62,"column":45}},"34":{"start":{"line":66,"column":5},"end":{"line":66,"column":43}},"35":{"start":{"line":67,"column":4},"end":{"line":67,"column":47}},"36":{"start":{"line":69,"column":15},"end":{"line":69,"column":31}},"37":{"start":{"line":70,"column":4},"end":{"line":70,"column":79}},"38":{"start":{"line":70,"column":50},"end":{"line":70,"column":75}},"39":{"start":{"line":71,"column":4},"end":{"line":71,"column":22}},"40":{"start":{"line":73,"column":4},"end":{"line":73,"column":55}},"41":{"start":{"line":74,"column":4},"end":{"line":74,"column":57}},"42":{"start":{"line":75,"column":4},"end":{"line":75,"column":60}},"43":{"start":{"line":76,"column":21},"end":{"line":76,"column":23}},"44":{"start":{"line":78,"column":6},"end":{"line":83,"column":null}},"45":{"start":{"line":80,"column":8},"end":{"line":80,"column":53}},"46":{"start":{"line":82,"column":8},"end":{"line":82,"column":67}},"47":{"start":{"line":84,"column":19},"end":{"line":84,"column":56}},"48":{"start":{"line":84,"column":49},"end":{"line":84,"column":56}},"49":{"start":{"line":86,"column":6},"end":{"line":93,"column":9}},"50":{"start":{"line":87,"column":21},"end":{"line":90,"column":10}},"51":{"start":{"line":91,"column":8},"end":{"line":91,"column":39}},"52":{"start":{"line":94,"column":6},"end":{"line":94,"column":39}},"53":{"start":{"line":95,"column":24},"end":{"line":95,"column":26}},"54":{"start":{"line":97,"column":6},"end":{"line":101,"column":null}},"55":{"start":{"line":99,"column":8},"end":{"line":99,"column":54}},"56":{"start":{"line":100,"column":8},"end":{"line":100,"column":70}},"57":{"start":{"line":103,"column":21},"end":{"line":103,"column":57}},"58":{"start":{"line":103,"column":50},"end":{"line":103,"column":57}},"59":{"start":{"line":105,"column":6},"end":{"line":136,"column":9}},"60":{"start":{"line":138,"column":6},"end":{"line":138,"column":40}},"61":{"start":{"line":139,"column":6},"end":{"line":139,"column":32}},"62":{"start":{"line":140,"column":6},"end":{"line":170,"column":9}},"63":{"start":{"line":171,"column":6},"end":{"line":171,"column":26}},"64":{"start":{"line":37,"column":2},"end":{"line":40,"column":null}},"65":{"start":{"line":38,"column":4},"end":{"line":38,"column":24}},"66":{"start":{"line":39,"column":4},"end":{"line":39,"column":25}},"67":{"start":{"line":175,"column":2},"end":{"line":178,"column":null}},"68":{"start":{"line":176,"column":4},"end":{"line":176,"column":41}},"69":{"start":{"line":177,"column":4},"end":{"line":177,"column":36}},"70":{"start":{"line":14,"column":13},"end":{"line":179,"column":null}},"71":{"start":{"line":179,"column":0},"end":{"line":179,"column":null}},"72":{"start":{"line":14,"column":13},"end":{"line":14,"column":31}}},"fnMap":{"0":{"name":"(anonymous_0)","decl":{"start":{"line":14,"column":0},"end":{"line":14,"column":13}},"loc":{"start":{"line":14,"column":0},"end":{"line":14,"column":13}}},"1":{"name":"DashboardComponent","decl":{"start":{"line":32,"column":2},"end":{"line":32,"column":22}},"loc":{"start":{"line":34,"column":51},"end":{"line":35,"column":7}}},"2":{"name":"(anonymous_2)","decl":{"start":{"line":42,"column":18},"end":{"line":42,"column":null}},"loc":{"start":{"line":42,"column":18},"end":{"line":173,"column":3}}},"3":{"name":"(anonymous_3)","decl":{"start":{"line":43,"column":72},"end":{"line":43,"column":76}},"loc":{"start":{"line":43,"column":76},"end":{"line":172,"column":5}}},"4":{"name":"(anonymous_4)","decl":{"start":{"line":46,"column":18},"end":{"line":46,"column":19}},"loc":{"start":{"line":46,"column":24},"end":{"line":65,"column":6}}},"5":{"name":"(anonymous_5)","decl":{"start":{"line":48,"column":35},"end":{"line":48,"column":36}},"loc":{"start":{"line":48,"column":39},"end":{"line":55,"column":9}}},"6":{"name":"(anonymous_6)","decl":{"start":{"line":57,"column":31},"end":{"line":57,"column":32}},"loc":{"start":{"line":57,"column":37},"end":{"line":64,"column":8}}},"7":{"name":"(anonymous_7)","decl":{"start":{"line":70,"column":34},"end":{"line":70,"column":43}},"loc":{"start":{"line":70,"column":47},"end":{"line":70,"column":77}}},"8":{"name":"(anonymous_8)","decl":{"start":{"line":84,"column":39},"end":{"line":84,"column":40}},"loc":{"start":{"line":84,"column":44},"end":{"line":84,"column":50}}},"9":{"name":"(anonymous_9)","decl":{"start":{"line":86,"column":19},"end":{"line":86,"column":20}},"loc":{"start":{"line":86,"column":24},"end":{"line":93,"column":7}}},"10":{"name":"(anonymous_10)","decl":{"start":{"line":103,"column":45},"end":{"line":103,"column":46}},"loc":{"start":{"line":103,"column":46},"end":{"line":103,"column":51}}},"11":{"name":"(anonymous_11)","decl":{"start":{"line":37,"column":2},"end":{"line":37,"column":10}},"loc":{"start":{"line":37,"column":2},"end":{"line":40,"column":3}}},"12":{"name":"(anonymous_12)","decl":{"start":{"line":175,"column":2},"end":{"line":175,"column":13}},"loc":{"start":{"line":175,"column":2},"end":{"line":178,"column":3}}}},"branchMap":{"0":{"loc":{"start":{"line":49,"column":9},"end":{"line":54,"column":null}},"type":"if","locations":[{"start":{"line":49,"column":9},"end":{"line":54,"column":null}},{"start":{"line":49,"column":9},"end":{"line":54,"column":null}}]},"1":{"loc":{"start":{"line":58,"column":9},"end":{"line":63,"column":null}},"type":"if","locations":[{"start":{"line":58,"column":9},"end":{"line":63,"column":null}},{"start":{"line":58,"column":9},"end":{"line":63,"column":null}}]}},"s":{"0":1,"1":1,"2":1,"3":1,"4":1,"5":1,"6":1,"7":0,"8":0,"9":0,"10":0,"11":0,"12":0,"13":0,"14":0,"15":0,"16":0,"17":0,"18":0,"19":0,"20":0,"21":0,"22":0,"23":0,"24":0,"25":0,"26":0,"27":0,"28":0,"29":0,"30":0,"31":0,"32":0,"33":0,"34":0,"35":0,"36":0,"37":0,"38":0,"39":0,"40":0,"41":0,"42":0,"43":0,"44":0,"45":0,"46":0,"47":0,"48":0,"49":0,"50":0,"51":0,"52":0,"53":0,"54":0,"55":0,"56":0,"57":0,"58":0,"59":0,"60":0,"61":0,"62":0,"63":0,"64":1,"65":0,"66":0,"67":1,"68":0,"69":0,"70":1,"71":1,"72":1},"f":{"0":1,"1":0,"2":0,"3":0,"4":0,"5":0,"6":0,"7":0,"8":0,"9":0,"10":0,"11":0,"12":0},"b":{"0":[0,0],"1":[0,0]}}
,"L:\\backupData\\backup1\\F\\Florian\\Documents\\dev_projets\\Angular\\angular-animes\\frontend\\src\\app\\footer\\footer.component.ts": {"path":"L:\\backupData\\backup1\\F\\Florian\\Documents\\dev_projets\\Angular\\angular-animes\\frontend\\src\\app\\footer\\footer.component.ts","statementMap":{"0":{"start":{"line":1,"column":0},"end":{"line":1,"column":50}},"1":{"start":{"line":8,"column":0},"end":{"line":8,"column":13}},"2":{"start":{"line":12,"column":2},"end":{"line":13,"column":null}},"3":{"start":{"line":8,"column":13},"end":{"line":15,"column":null}},"4":{"start":{"line":15,"column":0},"end":{"line":15,"column":null}},"5":{"start":{"line":8,"column":13},"end":{"line":8,"column":28}}},"fnMap":{"0":{"name":"(anonymous_0)","decl":{"start":{"line":8,"column":0},"end":{"line":8,"column":13}},"loc":{"start":{"line":8,"column":0},"end":{"line":8,"column":13}}},"1":{"name":"FooterComponent","decl":{"start":{"line":10,"column":2},"end":{"line":10,"column":18}},"loc":{"start":{"line":10,"column":2},"end":{"line":10,"column":19}}},"2":{"name":"(anonymous_2)","decl":{"start":{"line":12,"column":2},"end":{"line":12,"column":10}},"loc":{"start":{"line":12,"column":2},"end":{"line":13,"column":3}}}},"branchMap":{},"s":{"0":0,"1":0,"2":0,"3":0,"4":0,"5":0},"f":{"0":0,"1":0,"2":0},"b":{}}
,"L:\\backupData\\backup1\\F\\Florian\\Documents\\dev_projets\\Angular\\angular-animes\\frontend\\src\\app\\home\\home.component.ts": {"path":"L:\\backupData\\backup1\\F\\Florian\\Documents\\dev_projets\\Angular\\angular-animes\\frontend\\src\\app\\home\\home.component.ts","statementMap":{"0":{"start":{"line":1,"column":0},"end":{"line":1,"column":50}},"1":{"start":{"line":8,"column":0},"end":{"line":8,"column":13}},"2":{"start":{"line":12,"column":2},"end":{"line":13,"column":null}},"3":{"start":{"line":8,"column":13},"end":{"line":15,"column":null}},"4":{"start":{"line":15,"column":0},"end":{"line":15,"column":null}},"5":{"start":{"line":8,"column":13},"end":{"line":8,"column":26}}},"fnMap":{"0":{"name":"(anonymous_0)","decl":{"start":{"line":8,"column":0},"end":{"line":8,"column":13}},"loc":{"start":{"line":8,"column":0},"end":{"line":8,"column":13}}},"1":{"name":"HomeComponent","decl":{"start":{"line":10,"column":2},"end":{"line":10,"column":18}},"loc":{"start":{"line":10,"column":2},"end":{"line":10,"column":19}}},"2":{"name":"(anonymous_2)","decl":{"start":{"line":12,"column":2},"end":{"line":12,"column":10}},"loc":{"start":{"line":12,"column":2},"end":{"line":13,"column":3}}}},"branchMap":{},"s":{"0":1,"1":1,"2":1,"3":1,"4":1,"5":1},"f":{"0":1,"1":1,"2":1},"b":{}}
,"L:\\backupData\\backup1\\F\\Florian\\Documents\\dev_projets\\Angular\\angular-animes\\frontend\\src\\app\\menu\\menu.component.ts": {"path":"L:\\backupData\\backup1\\F\\Florian\\Documents\\dev_projets\\Angular\\angular-animes\\frontend\\src\\app\\menu\\menu.component.ts","statementMap":{"0":{"start":{"line":1,"column":0},"end":{"line":1,"column":50}},"1":{"start":{"line":2,"column":0},"end":{"line":2,"column":59}},"2":{"start":{"line":9,"column":0},"end":{"line":9,"column":13}},"3":{"start":{"line":11,"column":21},"end":{"line":11,"column":37}},"4":{"start":{"line":13,"column":2},"end":{"line":14,"column":null}},"5":{"start":{"line":9,"column":13},"end":{"line":16,"column":null}},"6":{"start":{"line":16,"column":0},"end":{"line":16,"column":null}},"7":{"start":{"line":9,"column":13},"end":{"line":9,"column":26}}},"fnMap":{"0":{"name":"(anonymous_0)","decl":{"start":{"line":9,"column":0},"end":{"line":9,"column":13}},"loc":{"start":{"line":9,"column":0},"end":{"line":9,"column":13}}},"1":{"name":"MenuComponent","decl":{"start":{"line":11,"column":2},"end":{"line":11,"column":21}},"loc":{"start":{"line":11,"column":51},"end":{"line":11,"column":56}}},"2":{"name":"(anonymous_2)","decl":{"start":{"line":13,"column":2},"end":{"line":13,"column":10}},"loc":{"start":{"line":13,"column":2},"end":{"line":14,"column":3}}}},"branchMap":{},"s":{"0":0,"1":0,"2":0,"3":0,"4":0,"5":0,"6":0,"7":0},"f":{"0":0,"1":0,"2":0},"b":{}}
,"L:\\backupData\\backup1\\F\\Florian\\Documents\\dev_projets\\Angular\\angular-animes\\frontend\\src\\app\\model\\anime.ts": {"path":"L:\\backupData\\backup1\\F\\Florian\\Documents\\dev_projets\\Angular\\angular-animes\\frontend\\src\\app\\model\\anime.ts","statementMap":{"0":{"start":{"line":1,"column":0},"end":{"line":1,"column":13}},"1":{"start":{"line":21,"column":0},"end":{"line":21,"column":null}},"2":{"start":{"line":1,"column":13},"end":{"line":1,"column":18}}},"fnMap":{"0":{"name":"(anonymous_0)","decl":{"start":{"line":1,"column":0},"end":{"line":1,"column":13}},"loc":{"start":{"line":1,"column":0},"end":{"line":21,"column":null}}}},"branchMap":{},"s":{"0":2,"1":2,"2":2},"f":{"0":2},"b":{}}
,"L:\\backupData\\backup1\\F\\Florian\\Documents\\dev_projets\\Angular\\angular-animes\\frontend\\src\\app\\model\\category.ts": {"path":"L:\\backupData\\backup1\\F\\Florian\\Documents\\dev_projets\\Angular\\angular-animes\\frontend\\src\\app\\model\\category.ts","statementMap":{"0":{"start":{"line":1,"column":0},"end":{"line":1,"column":13}},"1":{"start":{"line":6,"column":0},"end":{"line":6,"column":null}},"2":{"start":{"line":1,"column":13},"end":{"line":1,"column":21}}},"fnMap":{"0":{"name":"(anonymous_0)","decl":{"start":{"line":1,"column":0},"end":{"line":1,"column":13}},"loc":{"start":{"line":1,"column":0},"end":{"line":6,"column":null}}}},"branchMap":{},"s":{"0":0,"1":0,"2":0},"f":{"0":0},"b":{}}
,"L:\\backupData\\backup1\\F\\Florian\\Documents\\dev_projets\\Angular\\angular-animes\\frontend\\src\\app\\model\\genre.ts": {"path":"L:\\backupData\\backup1\\F\\Florian\\Documents\\dev_projets\\Angular\\angular-animes\\frontend\\src\\app\\model\\genre.ts","statementMap":{"0":{"start":{"line":1,"column":0},"end":{"line":1,"column":13}},"1":{"start":{"line":6,"column":0},"end":{"line":6,"column":null}},"2":{"start":{"line":1,"column":13},"end":{"line":1,"column":18}}},"fnMap":{"0":{"name":"(anonymous_0)","decl":{"start":{"line":1,"column":0},"end":{"line":1,"column":13}},"loc":{"start":{"line":1,"column":0},"end":{"line":6,"column":null}}}},"branchMap":{},"s":{"0":0,"1":0,"2":0},"f":{"0":0},"b":{}}
,"L:\\backupData\\backup1\\F\\Florian\\Documents\\dev_projets\\Angular\\angular-animes\\frontend\\src\\app\\services\\animes.service.ts": {"path":"L:\\backupData\\backup1\\F\\Florian\\Documents\\dev_projets\\Angular\\angular-animes\\frontend\\src\\app\\services\\animes.service.ts","statementMap":{"0":{"start":{"line":1,"column":0},"end":{"line":1,"column":43}},"1":{"start":{"line":2,"column":0},"end":{"line":2,"column":80}},"2":{"start":{"line":4,"column":0},"end":{"line":4,"column":48}},"3":{"start":{"line":5,"column":0},"end":{"line":5,"column":47}},"4":{"start":{"line":7,"column":22},"end":{"line":12,"column":2}},"5":{"start":{"line":19,"column":0},"end":{"line":19,"column":13}},"6":{"start":{"line":22,"column":2},"end":{"line":22,"column":22}},"7":{"start":{"line":22,"column":22},"end":{"line":22,"column":28}},"8":{"start":{"line":20,"column":2},"end":{"line":20,"column":45}},"9":{"start":{"line":25,"column":2},"end":{"line":27,"column":null}},"10":{"start":{"line":26,"column":4},"end":{"line":26,"column":60}},"11":{"start":{"line":29,"column":2},"end":{"line":32,"column":null}},"12":{"start":{"line":31,"column":4},"end":{"line":31,"column":66}},"13":{"start":{"line":34,"column":2},"end":{"line":37,"column":null}},"14":{"start":{"line":35,"column":4},"end":{"line":35,"column":49}},"15":{"start":{"line":36,"column":4},"end":{"line":36,"column":73}},"16":{"start":{"line":39,"column":2},"end":{"line":42,"column":null}},"17":{"start":{"line":40,"column":4},"end":{"line":40,"column":52}},"18":{"start":{"line":41,"column":4},"end":{"line":41,"column":76}},"19":{"start":{"line":44,"column":2},"end":{"line":46,"column":null}},"20":{"start":{"line":45,"column":4},"end":{"line":45,"column":75}},"21":{"start":{"line":48,"column":2},"end":{"line":53,"column":null}},"22":{"start":{"line":49,"column":4},"end":{"line":52,"column":6}},"23":{"start":{"line":50,"column":15},"end":{"line":50,"column":59}},"24":{"start":{"line":55,"column":2},"end":{"line":58,"column":null}},"25":{"start":{"line":57,"column":4},"end":{"line":57,"column":47}},"26":{"start":{"line":60,"column":10},"end":{"line":68,"column":null}},"27":{"start":{"line":60,"column":26},"end":{"line":60,"column":51}},"28":{"start":{"line":61,"column":4},"end":{"line":67,"column":6}},"29":{"start":{"line":64,"column":6},"end":{"line":64,"column":27}},"30":{"start":{"line":66,"column":6},"end":{"line":66,"column":29}},"31":{"start":{"line":19,"column":13},"end":{"line":69,"column":null}},"32":{"start":{"line":69,"column":0},"end":{"line":69,"column":null}},"33":{"start":{"line":19,"column":13},"end":{"line":19,"column":26}}},"fnMap":{"0":{"name":"(anonymous_0)","decl":{"start":{"line":19,"column":0},"end":{"line":19,"column":13}},"loc":{"start":{"line":19,"column":0},"end":{"line":19,"column":13}}},"1":{"name":"AnimesService","decl":{"start":{"line":22,"column":2},"end":{"line":22,"column":22}},"loc":{"start":{"line":22,"column":38},"end":{"line":22,"column":43}}},"2":{"name":"(anonymous_2)","decl":{"start":{"line":25,"column":22},"end":{"line":25,"column":null}},"loc":{"start":{"line":25,"column":22},"end":{"line":27,"column":3}}},"3":{"name":"(anonymous_3)","decl":{"start":{"line":29,"column":20},"end":{"line":29,"column":21}},"loc":{"start":{"line":29,"column":33},"end":{"line":32,"column":3}}},"4":{"name":"(anonymous_4)","decl":{"start":{"line":34,"column":19},"end":{"line":34,"column":20}},"loc":{"start":{"line":34,"column":32},"end":{"line":37,"column":3}}},"5":{"name":"(anonymous_5)","decl":{"start":{"line":39,"column":22},"end":{"line":39,"column":23}},"loc":{"start":{"line":39,"column":35},"end":{"line":42,"column":3}}},"6":{"name":"(anonymous_6)","decl":{"start":{"line":44,"column":19},"end":{"line":44,"column":20}},"loc":{"start":{"line":44,"column":50},"end":{"line":46,"column":3}}},"7":{"name":"(anonymous_7)","decl":{"start":{"line":48,"column":16},"end":{"line":48,"column":17}},"loc":{"start":{"line":48,"column":22},"end":{"line":53,"column":3}}},"8":{"name":"(anonymous_8)","decl":{"start":{"line":50,"column":10},"end":{"line":50,"column":11}},"loc":{"start":{"line":50,"column":11},"end":{"line":50,"column":22}}},"9":{"name":"(anonymous_9)","decl":{"start":{"line":55,"column":16},"end":{"line":55,"column":17}},"loc":{"start":{"line":55,"column":19},"end":{"line":58,"column":3}}},"10":{"name":"(anonymous_10)","decl":{"start":{"line":60,"column":2},"end":{"line":60,"column":10}},"loc":{"start":{"line":60,"column":61},"end":{"line":68,"column":3}}},"11":{"name":"(anonymous_11)","decl":{"start":{"line":61,"column":11},"end":{"line":61,"column":12}},"loc":{"start":{"line":61,"column":22},"end":{"line":67,"column":5}}}},"branchMap":{"0":{"loc":{"start":{"line":60,"column":26},"end":{"line":60,"column":51}},"type":"if","locations":[{"start":{"line":60,"column":26},"end":{"line":60,"column":51}},{"start":{"line":60,"column":26},"end":{"line":60,"column":51}}]}},"s":{"0":6,"1":6,"2":6,"3":6,"4":6,"5":6,"6":0,"7":0,"8":0,"9":0,"10":0,"11":0,"12":0,"13":0,"14":0,"15":0,"16":0,"17":0,"18":0,"19":0,"20":0,"21":0,"22":0,"23":0,"24":0,"25":0,"26":6,"27":0,"28":0,"29":0,"30":0,"31":6,"32":6,"33":6},"f":{"0":6,"1":0,"2":0,"3":0,"4":0,"5":0,"6":0,"7":0,"8":0,"9":0,"10":0,"11":0},"b":{"0":[0,0]}}
,"L:\\backupData\\backup1\\F\\Florian\\Documents\\dev_projets\\Angular\\angular-animes\\frontend\\src\\app\\services\\dashboard.service.ts": {"path":"L:\\backupData\\backup1\\F\\Florian\\Documents\\dev_projets\\Angular\\angular-animes\\frontend\\src\\app\\services\\dashboard.service.ts","statementMap":{"0":{"start":{"line":1,"column":0},"end":{"line":1,"column":43}},"1":{"start":{"line":2,"column":0},"end":{"line":2,"column":80}},"2":{"start":{"line":4,"column":0},"end":{"line":4,"column":48}},"3":{"start":{"line":13,"column":0},"end":{"line":13,"column":13}},"4":{"start":{"line":16,"column":22},"end":{"line":16,"column":28}},"5":{"start":{"line":14,"column":2},"end":{"line":14,"column":45}},"6":{"start":{"line":28,"column":10},"end":{"line":36,"column":null}},"7":{"start":{"line":28,"column":26},"end":{"line":28,"column":51}},"8":{"start":{"line":29,"column":4},"end":{"line":35,"column":6}},"9":{"start":{"line":32,"column":6},"end":{"line":32,"column":27}},"10":{"start":{"line":34,"column":6},"end":{"line":34,"column":29}},"11":{"start":{"line":13,"column":13},"end":{"line":37,"column":null}},"12":{"start":{"line":37,"column":0},"end":{"line":37,"column":null}},"13":{"start":{"line":13,"column":13},"end":{"line":13,"column":29}}},"fnMap":{"0":{"name":"(anonymous_0)","decl":{"start":{"line":13,"column":0},"end":{"line":13,"column":13}},"loc":{"start":{"line":13,"column":0},"end":{"line":13,"column":13}}},"1":{"name":"DashboardService","decl":{"start":{"line":16,"column":2},"end":{"line":16,"column":22}},"loc":{"start":{"line":16,"column":38},"end":{"line":16,"column":43}}},"2":{"name":"(anonymous_2)","decl":{"start":{"line":28,"column":2},"end":{"line":28,"column":10}},"loc":{"start":{"line":28,"column":61},"end":{"line":36,"column":3}}},"3":{"name":"(anonymous_3)","decl":{"start":{"line":29,"column":11},"end":{"line":29,"column":12}},"loc":{"start":{"line":29,"column":22},"end":{"line":35,"column":5}}}},"branchMap":{"0":{"loc":{"start":{"line":28,"column":26},"end":{"line":28,"column":51}},"type":"if","locations":[{"start":{"line":28,"column":26},"end":{"line":28,"column":51}},{"start":{"line":28,"column":26},"end":{"line":28,"column":51}}]}},"s":{"0":1,"1":1,"2":1,"3":1,"4":0,"5":0,"6":1,"7":0,"8":0,"9":0,"10":0,"11":1,"12":1,"13":1},"f":{"0":1,"1":0,"2":0,"3":0},"b":{"0":[0,0]}}
,"L:\\backupData\\backup1\\F\\Florian\\Documents\\dev_projets\\Angular\\angular-animes\\frontend\\src\\app\\services\\sidebar.service.ts": {"path":"L:\\backupData\\backup1\\F\\Florian\\Documents\\dev_projets\\Angular\\angular-animes\\frontend\\src\\app\\services\\sidebar.service.ts","statementMap":{"0":{"start":{"line":1,"column":0},"end":{"line":1,"column":43}},"1":{"start":{"line":6,"column":0},"end":{"line":6,"column":13}},"2":{"start":{"line":7,"column":2},"end":{"line":7,"column":21}},"3":{"start":{"line":11,"column":2},"end":{"line":15,"column":null}},"4":{"start":{"line":12,"column":4},"end":{"line":12,"column":33}},"5":{"start":{"line":14,"column":4},"end":{"line":14,"column":41}},"6":{"start":{"line":6,"column":13},"end":{"line":16,"column":null}},"7":{"start":{"line":16,"column":0},"end":{"line":16,"column":null}},"8":{"start":{"line":6,"column":13},"end":{"line":6,"column":27}}},"fnMap":{"0":{"name":"(anonymous_0)","decl":{"start":{"line":6,"column":0},"end":{"line":6,"column":13}},"loc":{"start":{"line":6,"column":0},"end":{"line":6,"column":13}}},"1":{"name":"SidebarService","decl":{"start":{"line":9,"column":2},"end":{"line":9,"column":18}},"loc":{"start":{"line":9,"column":2},"end":{"line":9,"column":19}}},"2":{"name":"(anonymous_2)","decl":{"start":{"line":11,"column":2},"end":{"line":11,"column":15}},"loc":{"start":{"line":11,"column":2},"end":{"line":15,"column":3}}}},"branchMap":{},"s":{"0":2,"1":2,"2":2,"3":2,"4":0,"5":0,"6":2,"7":2,"8":2},"f":{"0":2,"1":2,"2":0},"b":{}}
,"L:\\backupData\\backup1\\F\\Florian\\Documents\\dev_projets\\Angular\\angular-animes\\frontend\\src\\app\\sidebar\\sidebar.component.ts": {"path":"L:\\backupData\\backup1\\F\\Florian\\Documents\\dev_projets\\Angular\\angular-animes\\frontend\\src\\app\\sidebar\\sidebar.component.ts","statementMap":{"0":{"start":{"line":1,"column":0},"end":{"line":1,"column":50}},"1":{"start":{"line":2,"column":0},"end":{"line":2,"column":59}},"2":{"start":{"line":9,"column":0},"end":{"line":9,"column":13}},"3":{"start":{"line":11,"column":21},"end":{"line":11,"column":37}},"4":{"start":{"line":13,"column":2},"end":{"line":14,"column":null}},"5":{"start":{"line":9,"column":13},"end":{"line":16,"column":null}},"6":{"start":{"line":16,"column":0},"end":{"line":16,"column":null}},"7":{"start":{"line":9,"column":13},"end":{"line":9,"column":29}}},"fnMap":{"0":{"name":"(anonymous_0)","decl":{"start":{"line":9,"column":0},"end":{"line":9,"column":13}},"loc":{"start":{"line":9,"column":0},"end":{"line":9,"column":13}}},"1":{"name":"SidebarComponent","decl":{"start":{"line":11,"column":2},"end":{"line":11,"column":21}},"loc":{"start":{"line":11,"column":51},"end":{"line":11,"column":56}}},"2":{"name":"(anonymous_2)","decl":{"start":{"line":13,"column":2},"end":{"line":13,"column":10}},"loc":{"start":{"line":13,"column":2},"end":{"line":14,"column":3}}}},"branchMap":{},"s":{"0":1,"1":1,"2":1,"3":1,"4":1,"5":1,"6":1,"7":1},"f":{"0":1,"1":1,"2":1},"b":{}}
,"L:\\backupData\\backup1\\F\\Florian\\Documents\\dev_projets\\Angular\\angular-animes\\frontend\\src\\environments\\environment.prod.ts": {"path":"L:\\backupData\\backup1\\F\\Florian\\Documents\\dev_projets\\Angular\\angular-animes\\frontend\\src\\environments\\environment.prod.ts","statementMap":{"0":{"start":{"line":1,"column":13},"end":{"line":3,"column":2}}},"fnMap":{},"branchMap":{},"s":{"0":0},"f":{},"b":{}}
,"L:\\backupData\\backup1\\F\\Florian\\Documents\\dev_projets\\Angular\\angular-animes\\frontend\\src\\environments\\environment.ts": {"path":"L:\\backupData\\backup1\\F\\Florian\\Documents\\dev_projets\\Angular\\angular-animes\\frontend\\src\\environments\\environment.ts","statementMap":{"0":{"start":{"line":5,"column":13},"end":{"line":7,"column":2}}},"fnMap":{},"branchMap":{},"s":{"0":0},"f":{},"b":{}}
}
